TN:
SF:app.ts
FN:24,(anonymous_7)
FN:30,(anonymous_8)
FN:31,(anonymous_9)
FNF:3
FNH:0
FNDA:0,(anonymous_7)
FNDA:0,(anonymous_8)
FNDA:0,(anonymous_9)
DA:1,1
DA:2,1
DA:5,1
DA:6,1
DA:8,1
DA:9,1
DA:10,1
DA:11,1
DA:12,1
DA:15,1
DA:18,1
DA:21,1
DA:24,1
DA:25,0
DA:29,1
DA:30,0
DA:31,0
DA:32,0
DA:34,0
DA:39,1
LF:20
LH:15
BRDA:29,0,0,0
BRF:1
BRH:0
end_of_record
TN:
SF:common/common.routes.config.ts
FN:6,(anonymous_0)
FN:12,(anonymous_1)
FNF:2
FNH:1
FNDA:1,(anonymous_0)
FNDA:0,(anonymous_1)
DA:2,1
DA:7,1
DA:8,1
DA:9,1
DA:13,0
LF:5
LH:4
BRF:0
BRH:0
end_of_record
TN:
SF:type/type.routes.config.ts
FN:7,(anonymous_1)
FN:11,(anonymous_2)
FNF:2
FNH:2
FNDA:1,(anonymous_1)
FNDA:1,(anonymous_2)
DA:1,1
DA:3,1
DA:4,1
DA:6,1
DA:8,1
DA:12,1
DA:18,1
LF:7
LH:7
BRF:0
BRH:0
end_of_record
TN:
SF:type/controller/type.controller.ts
FN:5,(anonymous_8)
FNF:1
FNH:1
FNDA:2,(anonymous_8)
DA:2,1
DA:6,2
DA:7,2
DA:11,1
LF:4
LH:4
BRF:0
BRH:0
end_of_record
TN:
SF:type/middleware/type.middleware.ts
FN:5,(anonymous_7)
FN:18,(anonymous_9)
FNF:2
FNH:2
FNDA:3,(anonymous_7)
FNDA:2,(anonymous_9)
DA:10,3
DA:11,2
DA:13,1
DA:23,2
DA:24,2
DA:27,2
DA:29,0
DA:34,1
LF:8
LH:7
BRDA:10,0,0,2
BRDA:10,0,1,1
BRDA:10,1,0,3
BRDA:10,1,1,3
BRDA:10,1,2,2
BRDA:10,1,3,2
BRDA:24,2,0,2
BRDA:24,2,1,0
BRDA:24,3,0,2
BRDA:24,3,1,2
BRDA:24,3,2,2
BRF:11
BRH:10
end_of_record
TN:
SF:type/services/type.service.ts
FN:4,(anonymous_7)
FNF:1
FNH:1
FNDA:5,(anonymous_7)
DA:5,5
DA:8,2
DA:10,3
DA:13,1
DA:15,2
DA:19,2
LF:6
LH:6
BRDA:5,0,0,2
BRDA:5,1,0,5
BRDA:5,1,1,4
BRDA:5,1,2,2
BRDA:10,2,0,1
BRDA:10,3,0,3
BRDA:10,3,1,1
BRDA:10,3,2,1
BRF:8
BRH:8
end_of_record
